<?xml version="1.0" encoding="UTF-8"?>
<!-- Generated by org.testng.reporters.JUnitReportReporter -->
<testsuite hostname="DESKTOP-FBKAV6U" failures="0" tests="1" name="testscript.AddToCartTest" time="36.546" errors="0" timestamp="2023-05-29T11:54:57 IST" skipped="0">
  <testcase classname="testscript.AddToCartTest" name="addToCartTest" time="36.546"/>
  <system-out/>
</testsuite> <!-- testscript.AddToCartTest -->
